<?xml version="1.0" encoding="UTF-8"?>
<testng-results skipped="0" failed="0" ignored="0" total="1" passed="1">
  <reporter-output>
  </reporter-output>
  <suite name="Default suite" duration-ms="4329" started-at="2019-11-03T15:03:56Z" finished-at="2019-11-03T15:04:00Z">
    <groups>
    </groups>
    <test name="Default test" duration-ms="4329" started-at="2019-11-03T15:03:56Z" finished-at="2019-11-03T15:04:00Z">
      <class name="Test.request">
        <test-method status="PASS" signature="setup()[pri:0, instance:Test.request@4678c730]" name="setup" is-config="true" duration-ms="373" started-at="2019-11-03T20:33:56Z" finished-at="2019-11-03T20:33:56Z">
          <reporter-output>
          </reporter-output>
        </test-method> <!-- setup -->
        <test-method status="PASS" signature="test()[pri:0, instance:Test.request@4678c730]" name="test" duration-ms="3940" started-at="2019-11-03T20:33:56Z" finished-at="2019-11-03T20:34:00Z">
          <reporter-output>
          </reporter-output>
        </test-method> <!-- test -->
      </class> <!-- Test.request -->
    </test> <!-- Default test -->
  </suite> <!-- Default suite -->
</testng-results>
